<?xml version="1.0" encoding="UTF-8"?>
<!-- Generated by org.testng.reporters.JUnitXMLReporter -->
<testsuite ignored="1" hostname="Lenovo" failures="2" tests="2" name="ModuleOneTest(failed)" time="67.632" errors="0" timestamp="2023-02-27T19:05:17 IST">
  <testcase classname="testScripts.SampleTwoTest" name="cypressTest" time="25.683">
    <failure type="java.lang.AssertionError" message="expected [Cypress Tutorial - Google Search Page] but found [Cypress Tutorial - Google Search]">
      <![CDATA[java.lang.AssertionError: expected [Cypress Tutorial - Google Search Page] but found [Cypress Tutorial - Google Search]
at testScripts.SampleTwoTest.cypressTest(SampleTwoTest.java:20)
at java.base/java.util.ArrayList.forEach(ArrayList.java:1511)
... Removed 33 stack frames]]>
    </failure>
  </testcase> <!-- cypressTest -->
  <testcase classname="testScripts.SampleOneTest" name="seleniumSearchTest" time="41.409">
    <failure type="java.lang.AssertionError" message="expected [Selenium Tutorial - Google Search Page] but found [Selenium Tutorial - Google Search]">
      <![CDATA[java.lang.AssertionError: expected [Selenium Tutorial - Google Search Page] but found [Selenium Tutorial - Google Search]
at testScripts.SampleOneTest.seleniumSearchTest(SampleOneTest.java:32)
at java.base/java.util.ArrayList.forEach(ArrayList.java:1511)
... Removed 33 stack frames]]>
    </failure>
  </testcase> <!-- seleniumSearchTest -->
  <testcase classname="testScripts.SampleOneTest" name="javaSearchTest" time="0.0">
    <ignored/>
  </testcase> <!-- javaSearchTest -->
</testsuite> <!-- ModuleOneTest(failed) -->
